<?xml version="1.0" encoding="UTF-8"?>
<!-- Generated by org.testng.reporters.JUnitXMLReporter -->
<testsuite hostname="CDC2-L-722232X" ignored="0" name="Test" tests="1" failures="1" timestamp="16 Mar 2018 10:39:19 GMT" time="59.185" errors="0">
  <testcase name="launchChrome" time="59.091" classname="com.tests.NewTest2">
    <failure type="java.lang.AssertionError" message="expected [Find a Flight: Mercury Tours:] but found [Sign-on: Mercury Tours]">
      <![CDATA[java.lang.AssertionError: expected [Find a Flight: Mercury Tours:] but found [Sign-on: Mercury Tours]
	at com.tests.NewTest2.launchChrome(NewTest2.java:28)
... Removed 34 stack frames]]>
    </failure>
  </testcase> <!-- launchChrome -->
</testsuite> <!-- Test -->
